
 -----------------------------------------------
      Restrained ESP Fit 2.3  Amber 4.1
 -----------------------------------------------
 Resp charges for organic molecule                                               
 -----------------------------------------------


 inopt       =     0   ioutopt     =     1
 nmol        =     1   iqopt       =     0
 ihfree      =     1   irstrnt     =     1
 iunits      =     0   qwt         =   0.00050000
 wtmol(1) =     1.000000
 subtitle:

Resp charges for organic molecule                                               
ich =   0  iuniq =   8
    1    6    0
    2    6    0
    3    7    0
    4    6    0
    5   16    0
    6    1    0
    7    1    0
    8    1    0

  ----------------------------------------------------------------------------
     ATOM                       COORDINATES                         CHARGE
                       X             Y                Z
  ----------------------------------------------------------------------------
  ----------------------------------------------------------------------------


 Charge on the molecule(ich) =    0
 Total number of atoms (iuniq)     =    8
 Weight factor on initial charge restraints(qwt)=     0.50000D-03


  there are  1 charge constraints:


     1       1
     2       1
     3       1
     4       1
     5       1
     6       1
     7       1
     8       1

 Reading esp"s for molecule   1
 total number of atoms      =     8
 total number of esp points =  3289


 center     X       Y       Z 
    1  -0.5525364E-01   0.2343302E+01   0.7752282E-02
    2   0.2347094E+01   0.1400505E+01  -0.5904655E-02
    3   0.2559747E+01  -0.1195012E+01  -0.1671804E-01
    4   0.3342090E+00  -0.2235802E+01  -0.9899409E-02
    5  -0.2214020E+01  -0.1237652E+00   0.1061906E-01
    6  -0.6593619E+00   0.4295235E+01   0.1699915E-01
    7   0.4050324E+01   0.2538522E+01  -0.9917938E-02
    8   0.1229667E-01  -0.4259085E+01  -0.1580091E-01
 Initial ssvpot =     0.475


 Number of unique UNfrozen centers=    8

 Non-linear optimization requested.
 qchnge =    0.7883730568E-01
 qchnge =    0.1764001663E-02
 qchnge =    0.6947247992E-04
 qchnge =    0.2889565980E-05
 qchnge =    0.1208923956E-06

 Convergence in    4 iterations


Resp charges for organic molecule                                               

          Point Charges Before & After Optimization

    no.  At.no.    q(init)       q(opt)     ivary    d(rstr)/dq
    1   6       0.000000      -0.313284      0       0.001520
    2   6       0.000000       0.146504      0       0.002819
    3   7       0.000000      -0.421546      0       0.001154
    4   6       0.000000       0.112380      0       0.003324
    5  16       0.000000       0.026626      0       0.004832
    6   1       0.000000       0.214434      0       0.000000
    7   1       0.000000       0.101633      0       0.000000
    8   1       0.000000       0.133251      0       0.000000

 Sum over the calculated charges:     -0.000

        Statistics of the fitting:
  The initial sum of squares (ssvpot)                      0.475
  The residual sum of squares (chipot)                     0.027
  The std err of estimate (sqrt(chipot/N))               0.00286
  ESP relative RMS (SQRT(chipot/ssvpot))                 0.23788

 Center of Mass (Angst.):

 X  =   0.00000      Y  =   0.00000      Z  =   0.00000

 Dipole (Debye):

 X  =  -1.18796      Y  =   0.84329      Z  =   0.00878

 Dipole Moment (Debye)=   1.45687

 Quadrupole (Debye*Angst.):

 Qxx =  -7.61318     QYY =  15.01516     QZZ =  -7.40197
 Qxy =   1.33671     QXZ =  -7.36709     QYZ =  -7.36483
