            --------------------------------------------------------
                             AMBER SQM VERSION 19
 
                                     By
              Ross C. Walker, Michael F. Crowley, Scott Brozell,
                         Tim Giese, Andreas W. Goetz,
                        Tai-Sung Lee and David A. Case
 
            --------------------------------------------------------
 

--------------------------------------------------------------------------------
  QM CALCULATION INFO
--------------------------------------------------------------------------------

| QMMM: Citation for AMBER QMMM Run:
| QMMM: R.C. Walker, M.F. Crowley and D.A. Case, J. COMP. CHEM. 29:1019, 2008

QMMM: SINGLET STATE CALCULATION
QMMM: RHF CALCULATION, NO. OF DOUBLY OCCUPIED LEVELS = 21

| QMMM: *** Selected Hamiltonian *** 
| QMMM: PM3         

| QMMM: *** Parameter sets in use ***
| QMMM: S : J.J.P.STEWART, JCC, 10, 209 (1989)
| QMMM: C : J.J.P.STEWART, JCC, 10, 209 (1989)
| QMMM: O : J.J.P.STEWART, JCC, 10, 209 (1989)
| QMMM: H : J.J.P.STEWART, JCC, 10, 209 (1989)

| QMMM: *** SCF convergence criteria ***
| QMMM: Energy change                :  0.1D-07 kcal/mol
| QMMM: Error matrix |FP-PF|         :  0.1D+00 au
| QMMM: Density matrix change        :  0.5D-05
| QMMM: Maximum number of SCF cycles :     1000

| QMMM: *** Diagonalization Routine Information ***
| QMMM: Pseudo diagonalizations are allowed.
| QMMM: Auto diagonalization routine selection is in use.
| QMMM:
| QMMM: Timing diagonalization routines:
| QMMM:                              norbs =       38
| QMMM:    diag iterations used for timing =       20
| QMMM:
| QMMM:              Internal diag routine = 0.012276 seconds
| QMMM:                 Dspev diag routine = 0.013064 seconds
| QMMM:                Dspevd diag routine = 0.009821 seconds
| QMMM:                Dspevx diag routine = 0.035514 seconds
| QMMM:                 Dsyev diag routine = 0.007887 seconds
| QMMM:                Dsyevd diag routine = 0.006846 seconds
| QMMM:                Dsyevr diag routine = 0.007788 seconds
| QMMM:
| QMMM:                Pseudo diag routine = 0.001292 seconds
| QMMM:
| QMMM: Using dsyevd routine (diag_routine=6).

  QMMM: QM Region Cartesian Coordinates (*=link atom) 
  QMMM: QM_NO.   MM_NO.  ATOM         X         Y         Z
  QMMM:     1        1      S       -0.7270    1.2770    0.0000
  QMMM:     2        2      C       -2.2540    0.4740    0.0000
  QMMM:     3        3      C       -2.1290   -0.8940    0.0000
  QMMM:     4        4      C       -0.7720   -1.3100    0.0000
  QMMM:     5        5      C        0.1200   -0.2550    0.0000
  QMMM:     6        6      C        1.5910   -0.2390    0.0000
  QMMM:     7        7      C        2.3470   -1.5600    0.0000
  QMMM:     8        8      O        2.2060    0.8200    0.0000
  QMMM:     9        9      H       -3.1710    1.0500    0.0000
  QMMM:    10       10      H       -2.9730   -1.5750    0.0000
  QMMM:    11       11      H       -0.4660   -2.3490    0.0000
  QMMM:    12       12      H        1.7120   -2.4480    0.0000
  QMMM:    13       13      H        2.9960   -1.5850   -0.8810
  QMMM:    14       14      H        2.9960   -1.5850    0.8810

--------------------------------------------------------------------------------
  RESULTS
--------------------------------------------------------------------------------

 
 Final MO eigenvalues (eV):
 -39.8451  -37.0900  -31.2360  -27.8070  -26.6591  -21.8434  -19.8653  -18.5766
 -17.9820  -15.8604  -15.6264  -15.5602  -14.5837  -13.8877  -13.6975  -13.4381
 -12.8325  -12.2342  -10.8989  -10.0528   -9.7947   -0.9824    0.1898    0.3634
   0.7417    1.5944    2.3496    2.8024    3.3144    3.5573    3.7452    3.9174
   3.9686    4.0312    4.6446    4.8872    5.2676    6.8066

 Heat of formation   =         -4.91390559 kcal/mol  (       -0.21308294 eV)

 Total SCF energy    =     -29571.31404540 kcal/mol  (    -1282.30840143 eV)
 Electronic energy   =    -122171.50311727 kcal/mol  (    -5297.75391862 eV)
 Core-core repulsion =      92600.18907187 kcal/mol  (     4015.44551719 eV)
 
    Atomic Charges for Step       1 :
  Atom    Element       Mulliken Charge
     1      S                  0.360
     2      C                 -0.278
     3      C                 -0.136
     4      C                 -0.060
     5      C                 -0.356
     6      C                  0.352
     7      C                 -0.154
     8      O                 -0.318
     9      H                  0.146
    10      H                  0.127
    11      H                  0.123
    12      H                  0.058
    13      H                  0.068
    14      H                  0.068
 Total Mulliken Charge =       0.000
 
                  X        Y        Z     TOTAL  
  QM DIPOLE    -1.890   -2.698   -0.000    3.295
 
 Final Structure

  QMMM: QM Region Cartesian Coordinates (*=link atom) 
  QMMM: QM_NO.   MM_NO.  ATOM         X         Y         Z
  QMMM:     1        1      S       -0.7270    1.2770    0.0000
  QMMM:     2        2      C       -2.2540    0.4740    0.0000
  QMMM:     3        3      C       -2.1290   -0.8940    0.0000
  QMMM:     4        4      C       -0.7720   -1.3100    0.0000
  QMMM:     5        5      C        0.1200   -0.2550    0.0000
  QMMM:     6        6      C        1.5910   -0.2390    0.0000
  QMMM:     7        7      C        2.3470   -1.5600    0.0000
  QMMM:     8        8      O        2.2060    0.8200    0.0000
  QMMM:     9        9      H       -3.1710    1.0500    0.0000
  QMMM:    10       10      H       -2.9730   -1.5750    0.0000
  QMMM:    11       11      H       -0.4660   -2.3490    0.0000
  QMMM:    12       12      H        1.7120   -2.4480    0.0000
  QMMM:    13       13      H        2.9960   -1.5850   -0.8810
  QMMM:    14       14      H        2.9960   -1.5850    0.8810

           --------- Calculation Completed ----------

