
 -----------------------------------------------
      Restrained ESP Fit 2.3  Amber 4.1
 -----------------------------------------------
 Resp charges for organic molecule                                               
 -----------------------------------------------


 inopt       =     0   ioutopt     =     1
 nmol        =     1   iqopt       =     2
 ihfree      =     1   irstrnt     =     1
 iunits      =     0   qwt         =   0.00100000
 wtmol(1) =     1.000000
 subtitle:

Resp charges for organic molecule                                               
ich =   0  iuniq =  12
    1    6  -99
    2    6  -99
    3    6  -99
    4    6  -99
    5    6  -99
    6    6  -99
    7   17  -99
    8    1  -99
    9    1  -99
   10    1  -99
   11    1  -99
   12    1  -99
 new q0 values to be read  12

  ----------------------------------------------------------------------------
     ATOM                       COORDINATES                         CHARGE
                       X             Y                Z
  ----------------------------------------------------------------------------
  ----------------------------------------------------------------------------


 Charge on the molecule(ich) =    0
 Total number of atoms (iuniq)     =   12
 Weight factor on initial charge restraints(qwt)=     0.10000D-02


  there are  1 charge constraints:


     1       1
     2       1
     3       1
     4       1
     5       1
     6       1
     7       1
     8       1
     9       1
    10       1
    11       1
    12       1

 Reading esp"s for molecule   1
 total number of atoms      =    12
 total number of esp points =  4061


 center     X       Y       Z 
    1   0.5014339E+00  -0.2295905E+01   0.3904423E-02
    2   0.3138998E+01  -0.2265674E+01   0.2757571E-01
    3   0.4450869E+01   0.2352347E-01   0.4042312E-01
    4   0.3114843E+01   0.2298745E+01   0.2961448E-01
    5   0.4771245E+00   0.2301068E+01   0.5741726E-02
    6  -0.8005383E+00  -0.4237044E-02  -0.6836836E-02
    7  -0.4128600E+01  -0.2182176E-01  -0.3801787E-01
    8  -0.5367422E+00  -0.4063525E+01  -0.6619360E-02
    9   0.4164466E+01  -0.4044467E+01   0.3564421E-01
   10   0.6503199E+01   0.3439416E-01   0.5851903E-01
   11   0.4121456E+01   0.4088265E+01   0.3923489E-01
   12  -0.5797274E+00   0.4057598E+01  -0.3374511E-02
 Initial ssvpot =     0.413


 Number of unique UNfrozen centers=    0
 ALL charges are frozen!!!

 Non-linear optimization requested.
 qchnge =    0.3380098331E-01
 qchnge =     0.000000000    
 qchnge =     0.000000000    

 Convergence in    2 iterations


Resp charges for organic molecule                                               

          Point Charges Before & After Optimization

    no.  At.no.    q(init)       q(opt)     ivary    d(rstr)/dq
    1   6      -0.029696      -0.029696    -99       0.009586
    2   6      -0.171770      -0.171770    -99       0.005031
    3   6      -0.098401      -0.098401    -99       0.007128
    4   6      -0.171770      -0.171770    -99       0.005031
    5   6      -0.029696      -0.029696    -99       0.009586
    6   6      -0.012623      -0.012623    -99       0.009921
    7  17      -0.116769      -0.116769    -99       0.006505
    8   1       0.112617       0.112617    -99       0.000000
    9   1       0.139204       0.139204    -99       0.000000
   10   1       0.127081       0.127081    -99       0.000000
   11   1       0.139204       0.139204    -99       0.000000
   12   1       0.112617       0.112617    -99       0.000000

 Sum over the calculated charges:     -0.000

        Statistics of the fitting:
  The initial sum of squares (ssvpot)                      0.413
  The residual sum of squares (chipot)                     0.021
  The std err of estimate (sqrt(chipot/N))               0.00226
  ESP relative RMS (SQRT(chipot/ssvpot))                 0.22427

 Center of Mass (Angst.):

 X  =   0.00000      Y  =   0.00000      Z  =   0.00000

 Dipole (Debye):

 X  =   2.04632      Y  =   0.01081      Z  =   0.01823

 Dipole Moment (Debye)=   2.04643

 Quadrupole (Debye*Angst.):

 Qxx =  -0.55097     QYY =  12.81271     QZZ = -12.26174
 Qxy = -12.33333     QXZ = -12.16093     QYZ = -12.25163
