            --------------------------------------------------------
                             AMBER SQM VERSION 19
 
                                     By
              Ross C. Walker, Michael F. Crowley, Scott Brozell,
                         Tim Giese, Andreas W. Goetz,
                        Tai-Sung Lee and David A. Case
 
            --------------------------------------------------------
 

--------------------------------------------------------------------------------
  QM CALCULATION INFO
--------------------------------------------------------------------------------

| QMMM: Citation for AMBER QMMM Run:
| QMMM: R.C. Walker, M.F. Crowley and D.A. Case, J. COMP. CHEM. 29:1019, 2008

QMMM: SINGLET STATE CALCULATION
QMMM: RHF CALCULATION, NO. OF DOUBLY OCCUPIED LEVELS = 18

| QMMM: *** Selected Hamiltonian *** 
| QMMM: PM3         

| QMMM: *** Parameter sets in use ***
| QMMM: C : J.J.P.STEWART, JCC, 10, 209 (1989)
| QMMM: Cl: J.J.P.STEWART, JCC, 10, 209 (1989)
| QMMM: H : J.J.P.STEWART, JCC, 10, 209 (1989)

| QMMM: *** SCF convergence criteria ***
| QMMM: Energy change                :  0.1D-07 kcal/mol
| QMMM: Error matrix |FP-PF|         :  0.1D+00 au
| QMMM: Density matrix change        :  0.5D-05
| QMMM: Maximum number of SCF cycles :     1000

| QMMM: *** Diagonalization Routine Information ***
| QMMM: Pseudo diagonalizations are allowed.
| QMMM: Auto diagonalization routine selection is in use.
| QMMM:
| QMMM: Timing diagonalization routines:
| QMMM:                              norbs =       33
| QMMM:    diag iterations used for timing =       20
| QMMM:
| QMMM:              Internal diag routine = 0.009224 seconds
| QMMM:                 Dspev diag routine = 0.010313 seconds
| QMMM:                Dspevd diag routine = 0.008085 seconds
| QMMM:                Dspevx diag routine = 0.030931 seconds
| QMMM:                 Dsyev diag routine = 0.006848 seconds
| QMMM:                Dsyevd diag routine = 0.005668 seconds
| QMMM:                Dsyevr diag routine = 0.006551 seconds
| QMMM:
| QMMM:                Pseudo diag routine = 0.000877 seconds
| QMMM:
| QMMM: Using dsyevd routine (diag_routine=6).

  QMMM: QM Region Cartesian Coordinates (*=link atom) 
  QMMM: QM_NO.   MM_NO.  ATOM         X         Y         Z
  QMMM:     1        1      C        0.2650   -1.2150    0.0020
  QMMM:     2        2      C        1.6610   -1.1990    0.0150
  QMMM:     3        3      C        2.3550    0.0120    0.0210
  QMMM:     4        4      C        1.6480    1.2160    0.0160
  QMMM:     5        5      C        0.2530    1.2180    0.0030
  QMMM:     6        6      C       -0.4240   -0.0020   -0.0040
  QMMM:     7        7      Cl      -2.1850   -0.0110   -0.0200
  QMMM:     8        8      H       -0.2840   -2.1500   -0.0040
  QMMM:     9        9      H        2.2040   -2.1400    0.0190
  QMMM:    10       10      H        3.4410    0.0180    0.0310
  QMMM:    11       11      H        2.1810    2.1630    0.0210
  QMMM:    12       12      H       -0.3070    2.1470   -0.0020

--------------------------------------------------------------------------------
  RESULTS
--------------------------------------------------------------------------------

 
 Final MO eigenvalues (eV):
 -54.8890  -38.9931  -29.9208  -28.8544  -21.8505  -21.2311  -18.4175  -16.6909
 -15.3609  -14.9471  -14.6435  -13.6753  -12.7492  -12.6588  -11.2482  -10.5900
 -10.0025   -9.5185    0.0347    0.1072    1.0807    2.5247    3.0865    3.2234
   3.2471    3.6385    3.8361    4.6330    4.6945    4.7703    5.0144    5.7924
   5.9651

 Heat of formation   =         18.06348112 kcal/mol  (        0.78329132 eV)

 Total SCF energy    =     -25463.34518824 kcal/mol  (    -1104.17350454 eV)
 Electronic energy   =     -96728.42452173 kcal/mol  (    -4194.45923948 eV)
 Core-core repulsion =      71265.07933349 kcal/mol  (     3090.28573494 eV)
 
    Atomic Charges for Step       1 :
  Atom    Element       Mulliken Charge
     1      C                 -0.097
     2      C                 -0.091
     3      C                 -0.099
     4      C                 -0.091
     5      C                 -0.097
     6      C                 -0.109
     7      Cl                 0.035
     8      H                  0.117
     9      H                  0.105
    10      H                  0.106
    11      H                  0.105
    12      H                  0.117
 Total Mulliken Charge =       0.000
 
                  X        Y        Z     TOTAL  
  QM DIPOLE     1.131    0.006    0.009    1.131
 
 Final Structure

  QMMM: QM Region Cartesian Coordinates (*=link atom) 
  QMMM: QM_NO.   MM_NO.  ATOM         X         Y         Z
  QMMM:     1        1      C        0.2650   -1.2150    0.0020
  QMMM:     2        2      C        1.6610   -1.1990    0.0150
  QMMM:     3        3      C        2.3550    0.0120    0.0210
  QMMM:     4        4      C        1.6480    1.2160    0.0160
  QMMM:     5        5      C        0.2530    1.2180    0.0030
  QMMM:     6        6      C       -0.4240   -0.0020   -0.0040
  QMMM:     7        7      Cl      -2.1850   -0.0110   -0.0200
  QMMM:     8        8      H       -0.2840   -2.1500   -0.0040
  QMMM:     9        9      H        2.2040   -2.1400    0.0190
  QMMM:    10       10      H        3.4410    0.0180    0.0310
  QMMM:    11       11      H        2.1810    2.1630    0.0210
  QMMM:    12       12      H       -0.3070    2.1470   -0.0020

           --------- Calculation Completed ----------

